4068BB419A6D0050510F4415CFD9B5852AA019E5EE0FB517CD8459451C16575FC7F90AAE0CC25B1677A0A2F3C6B2088E3B81CA727949FB3FFCAC6F2A69FE00E1CDAFA7330ACD13DBDAE69FFDB5194631A2CCB3A7EB6416EA18EA4D6F0AB1419706D468F471E9ED4A4EF2E645A6144FE8A625A015C3B0AEB12A819DC257CE0A5
372BAAB2DA57211A57C857467BAD1E57288AE28C567BEE2543F3DCCFF01E2887A7954032F2C49AF5606857FF38ABE61206E9FDEF0529981C781AAA9847FDD0433FBBE416D3F0D6C590CD4C4143452B242541AE94E2E69E2703D733EC745CF4E775BD26FE0CB6D974E3AB897212453885C14E0ACB8D8501F77C3FA80447C05039
2B419BD890FA1D5D302192B93AEC4991DDAD20356F63DA4DACDAE753C8323540CDC520DD99002407CACE275D800C27AF0AEB2D8E69058CE2E5EA0C624BF69DBEF2EE31E51DA52F4B2A59CB02CA5AD6D0A19CEFD738BC5AF005ABF29CFD4E975EAF0E6F17BDD32BF4B944B4E3FA83D7089898E324C05B492E482E5FA82D902836
69E08AA1BFBAE5796CF9DD0496F183323BD5E071CBFE09B12FF2645D58761833EA52C7D665E09771CDBC672ECAE977A634C06999C0DCBE90326C6A82A89D1E2FE5AB611FF22E167A6C873B23F75B75458AEA01441B30D686E49675ABEEE4C5C1EA0122642C89323E4F4517CEE9F0A53DB0D4A1167B8875592B64AA4E3427B0A6
53B85CBC1F118D34A7CCDD0E9E0E3C4ED2F54D5227BA267BE393E158254AD2A2D81481B9C1137BA455F714FDABC51D447AFFC20161DAE8D37596F2F98D8388F9E79BEF9138BB9F594113D7F68CC7727B7910275CA9536799B4B8B42CF678B2095E94855B3613A5B05B2CB06A2EDCF2047EF73308F0E9B330131E5A5CE7015B25
C169F16A82FD9B716EE6B5289F3DD6383029DAAE66136A1B904A6D22A14F173713E5B368961EE384E226D9C0CE1BFD26C80DCD0AD51693E743E7924641406F0AF03F8012317EDB81244B28D8891DB014CFE980C89BF1EBCD306D5B1129EF9C29203F831E92CC46AA760252506A227AC6A5260C8C6929A51B82423450C5911261
28223968A221035B09E30549BED241FEE1E6D5FC2EFDE7912EF8153EBE9062EAE40A7E2498023E81FAD6B965134A61958E9E4DB69C8FBEE089F03F6175962D084A6935036B826F343CEDC751C698621451181436A3AD7DE92A5532A1A49BA5943B0EAD058F82B33696C92E56D76F2CE4D12F09A8FF323C0F078B7E699439C5DC
1243725883BA7A4088B2A0A1A984B3F8DE35692F8FF78C53977E90C4BAAD85921753CA54CD9BC96322BC98B75C16121F681048D496E307EFD54F6783A10AC381D6CCA83C677340E5F655DDDEB80D68E5A73E58EFB09FD2F3FA41DA76DD5413D274EBF0BEFFCE4B26FCBD7F040FED6235D1A306CF4170B3B50AA5F615ED9E1269
47E6D476AA32B5167EA1912573B5A128FEA9A2A11DBA8A09B8878CE233B5361F264ABD192C03BB75EBE9D12DB6313D7E4ADF4D10E71503F27BF182651E18A9CD629C8BEF28E47AE7864ACC3786CEBBC6E02B75CB99959B95F10030CFB8D7E9FD709C90816315F3A9424756932EDC27D6E01086D22FFFD22AB78B75489D4028CD
44252D03DC688C2CF8E837C41AD8024F6A1D146FAC389B12DB7864A129B44E467662249A458D441AD28062C05732DF6BA52F1D751D822CE8AB436B9DBA1FC507DC0DC6FE6893C3FFB133E449D959613E65C3EA604CC525AC3E8F5470EE8E1B3C88340973DCB5A1F88CC6BD667FF70752BF23D15CC2880BA162BF3C9F236E4A7F
FF450D5B3501FBBFA5D0779DA966926BB8EA2A8535C72D847466507469DC78AEEDBB9300F64C767501006B5587F097EB43E989A8FFDE7600CEA9E82C61F2436C9896354CF3D10C8170116E3B42E9F0C8B472FD69908FE88EAC2BA22C908AB300688EDB76A6BFA1D6247DB4CA7D65F0F9095DD833B2D3960C1677C7234FBB743
47BCB365EF76DFB6ADACF76C412587EA37D4EB7CD6340C11ED7E6C277A07C04FCFA14ED1F31C5E0087264FEC6B76F58CB9A8E3DF64095E47B7E936224AABC1AF5D0167F13CD9D12F30D8D8D93D56BF1C64FE51F2AA5540A4DD03BED1A5BC4F73007801A633FB0F631810DF2623927B1763DF08F928608768EDDE14394BF2EC40
63C68CF21CD9B1D1ECF9D7B83974877732F76FEBEAB2D33642C5E486F71547711123235FD7DA7CDB3577B868141FE6BA5F5CAD83FD1123D91216AEB2D2A7CCF9A56001CA77E4D40F4116A074C8C38928B8665FD7DB49DB6806820DD54046AB8C8DDAB75269E9D92FCB78A3BB03F3FC54FE5195BF8668A84A73D1D89020384498
52572CF5E887C8C1A9F579A42993BE517BC09AB05C8E0493FADD669F0E94E62A68CEAE49786D36EA6C4FEE16565921A3A8059B6AE6E84252E7F0F53D43DC13C51EEBBF8F4BC61882E5BBDF71D3036AA7966BD52BE2A89A042D0114F0861E16E396720577E8A6170CF9C7FA8EE11E0517858FA0EA1834C866B34C8C1381F42AE1
C8E06F9323EC3EB12DE673ED0C65834BC514DC23883407285F526AA4E9C0C896976E37B4AA4A90DC47B8EE12548F6F47260DE5CF42E68C008229A5E6AB97574C813CFA4422CE8069DF1069DD50027FCEBF2D27AB568A9BB9EE0EADECD27AFA39D2EC4F4934A20A15A630372AC5EC8A12C748B8E302A482EEABDD968CBC530F3
53D7E7C520B69B535B7070FD073FEDE1CC2719F199EC16CCC127F7C16EB28081A0BFFDB31646EBE575A9E13CC9CE5F799728A832AEA21C24A38819F762A7429041E6C8BAB83B5D7B747413FB2CEAB23B045F4211A94631F3C67BC331389E94E5418294C4CD487CBDA6E92E929F81102C11FF45EDA11CB2B2F7AA3A405A96522
5A52E0DF397DC16B4C40A8AC02C7AA80B00DDEDFBD375B4EE13DCB89B49C98376FFC5A009178628E2E715CA4E494172E17AD860A7A4C0DD068B999EC948ACED3AE3054AC2CBDEFBAA99D1F72B35CF7179AD8F27F9942487ADA0DB12563A88CDA0A2D6385F3368F8D14481287C093750A959135A9656B67EBCF6BEF71E457E04E
13BFAFD3DF6C3A673D19FAAA795B6FFF3A6EEDE88EA64D475A20F547C15E2881B5FF2264BB888F9FF95EB46A284B9CA97C9C4FC617A322E56709BD6554DA6CB648D4415EF39732D2922969E0AC22605117C08269C85C36B1C4869B8C364830A7B5370B40F4CAF0E95B56556CFA62E573A659F9969D26D7919357599C94AA827D
2DB73514F80B69B68B596E855B164819929614C6CFC3DAC0D0653C6CD02C05D05BF17F8433288A6F5F827C809651E97E3A794AA474310380CF70D7CD1D4EFE27F38E3B769436ABAEF54D83F1CB458DE73D4948F764F813F5200DFB68466A190FFA7D087165BB8873E0B3FD9D57A0CD209756952844026E5519D372206F5A34EB
BBBEFBF344B9AFF8234C3C6405B11A0DCF761930BC5F3836055062504989C18209059639A726921C3AFC08B65FB5ABAF1BB7F9EFF8BA11EA6268AD6AA0279EA3451B7FD10C67071037B29CAB1EB95E7E524490247FB768DDBD49EBFAD6F23EBA344449A5CFE071739A07D56B680FEDC66F5E33DAF0D1A0FBDA61C698B175C67
